0 info it worked if it ends with ok
1 verbose cli [ 'node', '/usr/local/bin/npm', 'init' ]
2 info using npm@2.7.4
3 info using node@v0.12.1
4 verbose node symlink /usr/local/bin/node
5 silly package data undefined
6 info init written successfully
7 verbose stack Error: Invalid version: "1.0"
7 verbose stack     at Object.module.exports.fixVersionField (/usr/local/lib/node_modules/npm/node_modules/normalize-package-data/lib/fixer.js:190:13)
7 verbose stack     at /usr/local/lib/node_modules/npm/node_modules/normalize-package-data/lib/normalize.js:30:38
7 verbose stack     at Array.forEach (native)
7 verbose stack     at normalize (/usr/local/lib/node_modules/npm/node_modules/normalize-package-data/lib/normalize.js:29:15)
7 verbose stack     at final (/usr/local/lib/node_modules/npm/node_modules/read-package-json/read-json.js:368:33)
7 verbose stack     at then (/usr/local/lib/node_modules/npm/node_modules/read-package-json/read-json.js:127:33)
7 verbose stack     at /usr/local/lib/node_modules/npm/node_modules/read-package-json/read-json.js:332:40
7 verbose stack     at evalmachine.<anonymous>:336:14
7 verbose stack     at /usr/local/lib/node_modules/npm/node_modules/graceful-fs/graceful-fs.js:102:5
7 verbose stack     at FSReqWrap.oncomplete (evalmachine.<anonymous>:99:15)
8 verbose cwd /Users/AlvaroGarcia/Desktop/Traffic/demolaKaiku
9 error Darwin 14.3.0
10 error argv "node" "/usr/local/bin/npm" "init"
11 error node v0.12.1
12 error npm  v2.7.4
13 error Invalid version: "1.0"
14 error If you need help, you may report this error at:
14 error     <https://github.com/npm/npm/issues>
15 verbose exit [ 1, true ]
